2024-02-22T21:36:00.588+05:30  INFO 7652 --- [VACCINATION-CENTER] [main] c.m.v.VaccinationCenterApplication       : Starting VaccinationCenterApplication using Java 17.0.9 with PID 7652 (C:\Users\ACER\Documents\workspace-sts-3.9.10.RELEASE\vaccinationCenter\target\classes started by ACER in C:\Users\ACER\Documents\workspace-sts-3.9.10.RELEASE\vaccinationCenter)
2024-02-22T21:36:00.605+05:30  INFO 7652 --- [VACCINATION-CENTER] [main] c.m.v.VaccinationCenterApplication       : No active profile set, falling back to 1 default profile: "default"
2024-02-22T21:36:03.761+05:30  INFO 7652 --- [VACCINATION-CENTER] [main] .s.d.r.c.RepositoryConfigurationDelegate : Bootstrapping Spring Data JPA repositories in DEFAULT mode.
2024-02-22T21:36:04.178+05:30  INFO 7652 --- [VACCINATION-CENTER] [main] .s.d.r.c.RepositoryConfigurationDelegate : Finished Spring Data repository scanning in 397 ms. Found 1 JPA repository interface.
2024-02-22T21:36:05.297+05:30  INFO 7652 --- [VACCINATION-CENTER] [main] o.s.cloud.context.scope.GenericScope     : BeanFactory id=65f30b92-3d3c-3e4b-9bf1-0827ce4b2630
2024-02-22T21:36:06.402+05:30  WARN 7652 --- [VACCINATION-CENTER] [main] trationDelegate$BeanPostProcessorChecker : Bean 'org.springframework.cloud.client.loadbalancer.LoadBalancerAutoConfiguration$LoadBalancerInterceptorConfig' of type [org.springframework.cloud.client.loadbalancer.LoadBalancerAutoConfiguration$LoadBalancerInterceptorConfig] is not eligible for getting processed by all BeanPostProcessors (for example: not eligible for auto-proxying). The currently created BeanPostProcessor [lbRestClientPostProcessor] is declared through a non-static factory method on that class; consider declaring it as static instead.
2024-02-22T21:36:06.421+05:30  WARN 7652 --- [VACCINATION-CENTER] [main] trationDelegate$BeanPostProcessorChecker : Bean 'org.springframework.cloud.loadbalancer.config.BlockingLoadBalancerClientAutoConfiguration' of type [org.springframework.cloud.loadbalancer.config.BlockingLoadBalancerClientAutoConfiguration] is not eligible for getting processed by all BeanPostProcessors (for example: not eligible for auto-proxying). Is this bean getting eagerly injected into a currently created BeanPostProcessor [lbRestClientPostProcessor]? Check the corresponding BeanPostProcessor declaration and its dependencies.
2024-02-22T21:36:06.434+05:30  WARN 7652 --- [VACCINATION-CENTER] [main] trationDelegate$BeanPostProcessorChecker : Bean 'org.springframework.cloud.loadbalancer.config.LoadBalancerAutoConfiguration' of type [org.springframework.cloud.loadbalancer.config.LoadBalancerAutoConfiguration] is not eligible for getting processed by all BeanPostProcessors (for example: not eligible for auto-proxying). Is this bean getting eagerly injected into a currently created BeanPostProcessor [lbRestClientPostProcessor]? Check the corresponding BeanPostProcessor declaration and its dependencies.
2024-02-22T21:36:06.472+05:30  WARN 7652 --- [VACCINATION-CENTER] [main] trationDelegate$BeanPostProcessorChecker : Bean 'org.springframework.cloud.commons.config.CommonsConfigAutoConfiguration' of type [org.springframework.cloud.commons.config.CommonsConfigAutoConfiguration] is not eligible for getting processed by all BeanPostProcessors (for example: not eligible for auto-proxying). Is this bean getting eagerly injected into a currently created BeanPostProcessor [lbRestClientPostProcessor]? Check the corresponding BeanPostProcessor declaration and its dependencies.
2024-02-22T21:36:06.487+05:30  WARN 7652 --- [VACCINATION-CENTER] [main] trationDelegate$BeanPostProcessorChecker : Bean 'org.springframework.cloud.client.loadbalancer.LoadBalancerDefaultMappingsProviderAutoConfiguration' of type [org.springframework.cloud.client.loadbalancer.LoadBalancerDefaultMappingsProviderAutoConfiguration] is not eligible for getting processed by all BeanPostProcessors (for example: not eligible for auto-proxying). Is this bean getting eagerly injected into a currently created BeanPostProcessor [lbRestClientPostProcessor]? Check the corresponding BeanPostProcessor declaration and its dependencies.
2024-02-22T21:36:06.498+05:30  WARN 7652 --- [VACCINATION-CENTER] [main] trationDelegate$BeanPostProcessorChecker : Bean 'loadBalancerClientsDefaultsMappingsProvider' of type [org.springframework.cloud.client.loadbalancer.LoadBalancerDefaultMappingsProviderAutoConfiguration$$Lambda$633/0x000001903d468248] is not eligible for getting processed by all BeanPostProcessors (for example: not eligible for auto-proxying). Is this bean getting eagerly injected into a currently created BeanPostProcessor [lbRestClientPostProcessor]? Check the corresponding BeanPostProcessor declaration and its dependencies.
2024-02-22T21:36:06.514+05:30  WARN 7652 --- [VACCINATION-CENTER] [main] trationDelegate$BeanPostProcessorChecker : Bean 'defaultsBindHandlerAdvisor' of type [org.springframework.cloud.commons.config.DefaultsBindHandlerAdvisor] is not eligible for getting processed by all BeanPostProcessors (for example: not eligible for auto-proxying). Is this bean getting eagerly injected into a currently created BeanPostProcessor [lbRestClientPostProcessor]? Check the corresponding BeanPostProcessor declaration and its dependencies.
2024-02-22T21:36:06.543+05:30  WARN 7652 --- [VACCINATION-CENTER] [main] trationDelegate$BeanPostProcessorChecker : Bean 'spring.cloud.loadbalancer-org.springframework.cloud.client.loadbalancer.LoadBalancerClientsProperties' of type [org.springframework.cloud.client.loadbalancer.LoadBalancerClientsProperties] is not eligible for getting processed by all BeanPostProcessors (for example: not eligible for auto-proxying). Is this bean getting eagerly injected into a currently created BeanPostProcessor [lbRestClientPostProcessor]? Check the corresponding BeanPostProcessor declaration and its dependencies.
2024-02-22T21:36:06.580+05:30  WARN 7652 --- [VACCINATION-CENTER] [main] trationDelegate$BeanPostProcessorChecker : Bean 'default.org.springframework.cloud.loadbalancer.config.LoadBalancerAutoConfiguration.LoadBalancerClientSpecification' of type [org.springframework.cloud.loadbalancer.annotation.LoadBalancerClientSpecification] is not eligible for getting processed by all BeanPostProcessors (for example: not eligible for auto-proxying). Is this bean getting eagerly injected into a currently created BeanPostProcessor [lbRestClientPostProcessor]? Check the corresponding BeanPostProcessor declaration and its dependencies.
2024-02-22T21:36:06.594+05:30  WARN 7652 --- [VACCINATION-CENTER] [main] trationDelegate$BeanPostProcessorChecker : Bean 'default.org.springframework.cloud.loadbalancer.config.BlockingLoadBalancerClientAutoConfiguration.LoadBalancerClientSpecification' of type [org.springframework.cloud.loadbalancer.annotation.LoadBalancerClientSpecification] is not eligible for getting processed by all BeanPostProcessors (for example: not eligible for auto-proxying). Is this bean getting eagerly injected into a currently created BeanPostProcessor [lbRestClientPostProcessor]? Check the corresponding BeanPostProcessor declaration and its dependencies.
2024-02-22T21:36:06.598+05:30  WARN 7652 --- [VACCINATION-CENTER] [main] trationDelegate$BeanPostProcessorChecker : Bean 'default.org.springframework.cloud.netflix.eureka.loadbalancer.LoadBalancerEurekaAutoConfiguration.LoadBalancerClientSpecification' of type [org.springframework.cloud.loadbalancer.annotation.LoadBalancerClientSpecification] is not eligible for getting processed by all BeanPostProcessors (for example: not eligible for auto-proxying). Is this bean getting eagerly injected into a currently created BeanPostProcessor [lbRestClientPostProcessor]? Check the corresponding BeanPostProcessor declaration and its dependencies.
2024-02-22T21:36:06.610+05:30  WARN 7652 --- [VACCINATION-CENTER] [main] trationDelegate$BeanPostProcessorChecker : Bean 'loadBalancerClientFactory' of type [org.springframework.cloud.loadbalancer.support.LoadBalancerClientFactory] is not eligible for getting processed by all BeanPostProcessors (for example: not eligible for auto-proxying). Is this bean getting eagerly injected into a currently created BeanPostProcessor [lbRestClientPostProcessor]? Check the corresponding BeanPostProcessor declaration and its dependencies.
2024-02-22T21:36:06.744+05:30  WARN 7652 --- [VACCINATION-CENTER] [main] trationDelegate$BeanPostProcessorChecker : Bean 'blockingLoadBalancerClient' of type [org.springframework.cloud.loadbalancer.blocking.client.BlockingLoadBalancerClient] is not eligible for getting processed by all BeanPostProcessors (for example: not eligible for auto-proxying). Is this bean getting eagerly injected into a currently created BeanPostProcessor [lbRestClientPostProcessor]? Check the corresponding BeanPostProcessor declaration and its dependencies.
2024-02-22T21:36:06.783+05:30  WARN 7652 --- [VACCINATION-CENTER] [main] trationDelegate$BeanPostProcessorChecker : Bean 'vaccinationCenterApplication' of type [com.microservices.vaccinationCenter.VaccinationCenterApplication$$SpringCGLIB$$0] is not eligible for getting processed by all BeanPostProcessors (for example: not eligible for auto-proxying). Is this bean getting eagerly injected into a currently created BeanPostProcessor [lbRestClientPostProcessor]? Check the corresponding BeanPostProcessor declaration and its dependencies.
2024-02-22T21:36:06.870+05:30  WARN 7652 --- [VACCINATION-CENTER] [main] trationDelegate$BeanPostProcessorChecker : Bean 'restTemplate' of type [org.springframework.web.client.RestTemplate] is not eligible for getting processed by all BeanPostProcessors (for example: not eligible for auto-proxying). Is this bean getting eagerly injected into a currently created BeanPostProcessor [lbRestClientPostProcessor]? Check the corresponding BeanPostProcessor declaration and its dependencies.
2024-02-22T21:36:06.953+05:30  WARN 7652 --- [VACCINATION-CENTER] [main] trationDelegate$BeanPostProcessorChecker : Bean 'loadBalancerServiceInstanceCookieTransformer' of type [org.springframework.cloud.loadbalancer.core.LoadBalancerServiceInstanceCookieTransformer] is not eligible for getting processed by all BeanPostProcessors (for example: not eligible for auto-proxying). Is this bean getting eagerly injected into a currently created BeanPostProcessor [lbRestClientPostProcessor]? Check the corresponding BeanPostProcessor declaration and its dependencies.
2024-02-22T21:36:06.966+05:30  WARN 7652 --- [VACCINATION-CENTER] [main] trationDelegate$BeanPostProcessorChecker : Bean 'xForwarderHeadersTransformer' of type [org.springframework.cloud.loadbalancer.blocking.XForwardedHeadersTransformer] is not eligible for getting processed by all BeanPostProcessors (for example: not eligible for auto-proxying). Is this bean getting eagerly injected into a currently created BeanPostProcessor [lbRestClientPostProcessor]? Check the corresponding BeanPostProcessor declaration and its dependencies.
2024-02-22T21:36:06.974+05:30  WARN 7652 --- [VACCINATION-CENTER] [main] trationDelegate$BeanPostProcessorChecker : Bean 'org.springframework.cloud.client.loadbalancer.LoadBalancerAutoConfiguration' of type [org.springframework.cloud.client.loadbalancer.LoadBalancerAutoConfiguration] is not eligible for getting processed by all BeanPostProcessors (for example: not eligible for auto-proxying). Is this bean getting eagerly injected into a currently created BeanPostProcessor [lbRestClientPostProcessor]? Check the corresponding BeanPostProcessor declaration and its dependencies.
2024-02-22T21:36:06.985+05:30  WARN 7652 --- [VACCINATION-CENTER] [main] trationDelegate$BeanPostProcessorChecker : Bean 'loadBalancerRequestFactory' of type [org.springframework.cloud.client.loadbalancer.LoadBalancerRequestFactory] is not eligible for getting processed by all BeanPostProcessors (for example: not eligible for auto-proxying). Is this bean getting eagerly injected into a currently created BeanPostProcessor [lbRestClientPostProcessor]? Check the corresponding BeanPostProcessor declaration and its dependencies.
2024-02-22T21:36:06.993+05:30  WARN 7652 --- [VACCINATION-CENTER] [main] trationDelegate$BeanPostProcessorChecker : Bean 'loadBalancerInterceptor' of type [org.springframework.cloud.client.loadbalancer.LoadBalancerInterceptor] is not eligible for getting processed by all BeanPostProcessors (for example: not eligible for auto-proxying). Is this bean getting eagerly injected into a currently created BeanPostProcessor [lbRestClientPostProcessor]? Check the corresponding BeanPostProcessor declaration and its dependencies.
2024-02-22T21:36:08.209+05:30  INFO 7652 --- [VACCINATION-CENTER] [main] o.s.b.w.embedded.tomcat.TomcatWebServer  : Tomcat initialized with port 8082 (http)
2024-02-22T21:36:08.272+05:30  INFO 7652 --- [VACCINATION-CENTER] [main] o.apache.catalina.core.StandardService   : Starting service [Tomcat]
2024-02-22T21:36:08.273+05:30  INFO 7652 --- [VACCINATION-CENTER] [main] o.apache.catalina.core.StandardEngine    : Starting Servlet engine: [Apache Tomcat/10.1.18]
2024-02-22T21:36:08.551+05:30  INFO 7652 --- [VACCINATION-CENTER] [main] o.a.c.c.C.[Tomcat].[localhost].[/]       : Initializing Spring embedded WebApplicationContext
2024-02-22T21:36:08.553+05:30  INFO 7652 --- [VACCINATION-CENTER] [main] w.s.c.ServletWebServerApplicationContext : Root WebApplicationContext: initialization completed in 7792 ms
2024-02-22T21:36:09.959+05:30  INFO 7652 --- [VACCINATION-CENTER] [main] o.hibernate.jpa.internal.util.LogHelper  : HHH000204: Processing PersistenceUnitInfo [name: default]
2024-02-22T21:36:10.118+05:30  INFO 7652 --- [VACCINATION-CENTER] [main] org.hibernate.Version                    : HHH000412: Hibernate ORM core version 6.4.1.Final
2024-02-22T21:36:10.214+05:30  INFO 7652 --- [VACCINATION-CENTER] [main] o.h.c.internal.RegionFactoryInitiator    : HHH000026: Second-level cache disabled
2024-02-22T21:36:10.865+05:30  INFO 7652 --- [VACCINATION-CENTER] [main] o.s.o.j.p.SpringPersistenceUnitInfo      : No LoadTimeWeaver setup: ignoring JPA class transformer
2024-02-22T21:36:10.926+05:30  INFO 7652 --- [VACCINATION-CENTER] [main] com.zaxxer.hikari.HikariDataSource       : HikariPool-1 - Starting...
2024-02-22T21:36:11.778+05:30  INFO 7652 --- [VACCINATION-CENTER] [main] com.zaxxer.hikari.pool.HikariPool        : HikariPool-1 - Added connection com.mysql.cj.jdbc.ConnectionImpl@18301763
2024-02-22T21:36:11.784+05:30  INFO 7652 --- [VACCINATION-CENTER] [main] com.zaxxer.hikari.HikariDataSource       : HikariPool-1 - Start completed.
2024-02-22T21:36:14.363+05:30  INFO 7652 --- [VACCINATION-CENTER] [main] o.h.e.t.j.p.i.JtaPlatformInitiator       : HHH000489: No JTA platform available (set 'hibernate.transaction.jta.platform' to enable JTA platform integration)
2024-02-22T21:36:14.459+05:30  INFO 7652 --- [VACCINATION-CENTER] [main] j.LocalContainerEntityManagerFactoryBean : Initialized JPA EntityManagerFactory for persistence unit 'default'
2024-02-22T21:36:16.416+05:30  WARN 7652 --- [VACCINATION-CENTER] [main] JpaBaseConfiguration$JpaWebConfiguration : spring.jpa.open-in-view is enabled by default. Therefore, database queries may be performed during view rendering. Explicitly configure spring.jpa.open-in-view to disable this warning
2024-02-22T21:36:22.395+05:30  INFO 7652 --- [VACCINATION-CENTER] [main] DiscoveryClientOptionalArgsConfiguration : Eureka HTTP Client uses RestTemplate.
2024-02-22T21:36:22.579+05:30  WARN 7652 --- [VACCINATION-CENTER] [main] iguration$LoadBalancerCaffeineWarnLogger : Spring Cloud LoadBalancer is currently working with the default cache. While this cache implementation is useful for development and tests, it's recommended to use Caffeine cache in production.You can switch to using Caffeine cache, by adding it and org.springframework.cache.caffeine.CaffeineCacheManager to the classpath.
2024-02-22T21:36:22.640+05:30  INFO 7652 --- [VACCINATION-CENTER] [main] o.s.b.a.e.web.EndpointLinksResolver      : Exposing 1 endpoint(s) beneath base path '/actuator'
2024-02-22T21:36:22.869+05:30  INFO 7652 --- [VACCINATION-CENTER] [main] o.s.c.n.eureka.InstanceInfoFactory       : Setting initial instance status as: STARTING
2024-02-22T21:36:23.100+05:30  INFO 7652 --- [VACCINATION-CENTER] [main] com.netflix.discovery.DiscoveryClient    : Initializing Eureka in region us-east-1
2024-02-22T21:36:23.114+05:30  INFO 7652 --- [VACCINATION-CENTER] [main] c.n.d.s.r.aws.ConfigClusterResolver      : Resolving eureka endpoints via configuration
2024-02-22T21:36:23.168+05:30  INFO 7652 --- [VACCINATION-CENTER] [main] com.netflix.discovery.DiscoveryClient    : Disable delta property : false
2024-02-22T21:36:23.169+05:30  INFO 7652 --- [VACCINATION-CENTER] [main] com.netflix.discovery.DiscoveryClient    : Single vip registry refresh property : null
2024-02-22T21:36:23.169+05:30  INFO 7652 --- [VACCINATION-CENTER] [main] com.netflix.discovery.DiscoveryClient    : Force full registry fetch : false
2024-02-22T21:36:23.169+05:30  INFO 7652 --- [VACCINATION-CENTER] [main] com.netflix.discovery.DiscoveryClient    : Application is null : false
2024-02-22T21:36:23.170+05:30  INFO 7652 --- [VACCINATION-CENTER] [main] com.netflix.discovery.DiscoveryClient    : Registered Applications size is zero : true
2024-02-22T21:36:23.170+05:30  INFO 7652 --- [VACCINATION-CENTER] [main] com.netflix.discovery.DiscoveryClient    : Application version is -1: true
2024-02-22T21:36:23.170+05:30  INFO 7652 --- [VACCINATION-CENTER] [main] com.netflix.discovery.DiscoveryClient    : Getting all instance registry info from the eureka server
2024-02-22T21:36:24.029+05:30  INFO 7652 --- [VACCINATION-CENTER] [main] com.netflix.discovery.DiscoveryClient    : The response status is 200
2024-02-22T21:36:24.033+05:30  INFO 7652 --- [VACCINATION-CENTER] [main] com.netflix.discovery.DiscoveryClient    : Starting heartbeat executor: renew interval is: 30
2024-02-22T21:36:24.040+05:30  INFO 7652 --- [VACCINATION-CENTER] [main] c.n.discovery.InstanceInfoReplicator     : InstanceInfoReplicator onDemand update allowed rate per min is 4
2024-02-22T21:36:24.050+05:30  INFO 7652 --- [VACCINATION-CENTER] [main] com.netflix.discovery.DiscoveryClient    : Discovery Client initialized at timestamp 1708617984048 with initial instances count: 1
2024-02-22T21:36:24.102+05:30  INFO 7652 --- [VACCINATION-CENTER] [main] o.s.c.n.e.s.EurekaServiceRegistry        : Registering application VACCINATION-CENTER with eureka with status UP
2024-02-22T21:36:24.103+05:30  INFO 7652 --- [VACCINATION-CENTER] [main] com.netflix.discovery.DiscoveryClient    : Saw local status change event StatusChangeEvent [timestamp=1708617984103, current=UP, previous=STARTING]
2024-02-22T21:36:24.107+05:30  INFO 7652 --- [VACCINATION-CENTER] [DiscoveryClient-InstanceInfoReplicator-0] com.netflix.discovery.DiscoveryClient    : DiscoveryClient_VACCINATION-CENTER/host.docker.internal:VACCINATION-CENTER:8082: registering service...
2024-02-22T21:36:24.173+05:30  INFO 7652 --- [VACCINATION-CENTER] [main] o.s.b.w.embedded.tomcat.TomcatWebServer  : Tomcat started on port 8082 (http) with context path ''
2024-02-22T21:36:24.176+05:30  INFO 7652 --- [VACCINATION-CENTER] [main] .s.c.n.e.s.EurekaAutoServiceRegistration : Updating port to 8082
2024-02-22T21:36:24.205+05:30  INFO 7652 --- [VACCINATION-CENTER] [DiscoveryClient-InstanceInfoReplicator-0] com.netflix.discovery.DiscoveryClient    : DiscoveryClient_VACCINATION-CENTER/host.docker.internal:VACCINATION-CENTER:8082 - registration status: 204
2024-02-22T21:36:24.826+05:30  INFO 7652 --- [VACCINATION-CENTER] [main] c.m.v.VaccinationCenterApplication       : Started VaccinationCenterApplication in 26.003 seconds (process running for 27.263)
2024-02-22T21:41:23.183+05:30  INFO 7652 --- [VACCINATION-CENTER] [AsyncResolver-bootstrap-executor-0] c.n.d.s.r.aws.ConfigClusterResolver      : Resolving eureka endpoints via configuration
2024-02-22T21:46:23.191+05:30  INFO 7652 --- [VACCINATION-CENTER] [AsyncResolver-bootstrap-executor-0] c.n.d.s.r.aws.ConfigClusterResolver      : Resolving eureka endpoints via configuration
2024-02-22T21:51:23.192+05:30  INFO 7652 --- [VACCINATION-CENTER] [AsyncResolver-bootstrap-executor-0] c.n.d.s.r.aws.ConfigClusterResolver      : Resolving eureka endpoints via configuration
2024-02-22T21:56:23.207+05:30  INFO 7652 --- [VACCINATION-CENTER] [AsyncResolver-bootstrap-executor-0] c.n.d.s.r.aws.ConfigClusterResolver      : Resolving eureka endpoints via configuration
2024-02-22T22:01:23.211+05:30  INFO 7652 --- [VACCINATION-CENTER] [AsyncResolver-bootstrap-executor-0] c.n.d.s.r.aws.ConfigClusterResolver      : Resolving eureka endpoints via configuration
2024-02-22T22:06:23.228+05:30  INFO 7652 --- [VACCINATION-CENTER] [AsyncResolver-bootstrap-executor-0] c.n.d.s.r.aws.ConfigClusterResolver      : Resolving eureka endpoints via configuration
2024-02-22T22:11:23.229+05:30  INFO 7652 --- [VACCINATION-CENTER] [AsyncResolver-bootstrap-executor-0] c.n.d.s.r.aws.ConfigClusterResolver      : Resolving eureka endpoints via configuration
2024-02-22T22:16:23.238+05:30  INFO 7652 --- [VACCINATION-CENTER] [AsyncResolver-bootstrap-executor-0] c.n.d.s.r.aws.ConfigClusterResolver      : Resolving eureka endpoints via configuration
2024-02-22T22:21:23.253+05:30  INFO 7652 --- [VACCINATION-CENTER] [AsyncResolver-bootstrap-executor-0] c.n.d.s.r.aws.ConfigClusterResolver      : Resolving eureka endpoints via configuration
2024-02-22T22:26:23.270+05:30  INFO 7652 --- [VACCINATION-CENTER] [AsyncResolver-bootstrap-executor-0] c.n.d.s.r.aws.ConfigClusterResolver      : Resolving eureka endpoints via configuration
2024-02-22T22:31:23.287+05:30  INFO 7652 --- [VACCINATION-CENTER] [AsyncResolver-bootstrap-executor-0] c.n.d.s.r.aws.ConfigClusterResolver      : Resolving eureka endpoints via configuration
2024-02-22T22:36:23.298+05:30  INFO 7652 --- [VACCINATION-CENTER] [AsyncResolver-bootstrap-executor-0] c.n.d.s.r.aws.ConfigClusterResolver      : Resolving eureka endpoints via configuration
2024-02-22T22:41:23.307+05:30  INFO 7652 --- [VACCINATION-CENTER] [AsyncResolver-bootstrap-executor-0] c.n.d.s.r.aws.ConfigClusterResolver      : Resolving eureka endpoints via configuration
2024-02-22T22:46:23.313+05:30  INFO 7652 --- [VACCINATION-CENTER] [AsyncResolver-bootstrap-executor-0] c.n.d.s.r.aws.ConfigClusterResolver      : Resolving eureka endpoints via configuration
2024-02-22T22:51:23.317+05:30  INFO 7652 --- [VACCINATION-CENTER] [AsyncResolver-bootstrap-executor-0] c.n.d.s.r.aws.ConfigClusterResolver      : Resolving eureka endpoints via configuration
2024-02-22T22:56:23.319+05:30  INFO 7652 --- [VACCINATION-CENTER] [AsyncResolver-bootstrap-executor-0] c.n.d.s.r.aws.ConfigClusterResolver      : Resolving eureka endpoints via configuration
2024-02-22T23:01:23.331+05:30  INFO 7652 --- [VACCINATION-CENTER] [AsyncResolver-bootstrap-executor-0] c.n.d.s.r.aws.ConfigClusterResolver      : Resolving eureka endpoints via configuration
2024-02-22T23:02:00.079+05:30  INFO 7652 --- [VACCINATION-CENTER] [SpringApplicationShutdownHook] o.s.c.n.e.s.EurekaServiceRegistry        : Unregistering application VACCINATION-CENTER with eureka with status DOWN
2024-02-22T23:02:00.082+05:30  INFO 7652 --- [VACCINATION-CENTER] [SpringApplicationShutdownHook] com.netflix.discovery.DiscoveryClient    : Saw local status change event StatusChangeEvent [timestamp=1708623120082, current=DOWN, previous=UP]
2024-02-22T23:02:00.084+05:30  INFO 7652 --- [VACCINATION-CENTER] [DiscoveryClient-InstanceInfoReplicator-0] com.netflix.discovery.DiscoveryClient    : DiscoveryClient_VACCINATION-CENTER/host.docker.internal:VACCINATION-CENTER:8082: registering service...
2024-02-22T23:02:00.117+05:30  INFO 7652 --- [VACCINATION-CENTER] [DiscoveryClient-InstanceInfoReplicator-0] com.netflix.discovery.DiscoveryClient    : DiscoveryClient_VACCINATION-CENTER/host.docker.internal:VACCINATION-CENTER:8082 - registration status: 204
2024-02-22T23:02:00.266+05:30  INFO 7652 --- [VACCINATION-CENTER] [SpringApplicationShutdownHook] j.LocalContainerEntityManagerFactoryBean : Closing JPA EntityManagerFactory for persistence unit 'default'
2024-02-22T23:02:00.307+05:30  INFO 7652 --- [VACCINATION-CENTER] [SpringApplicationShutdownHook] com.zaxxer.hikari.HikariDataSource       : HikariPool-1 - Shutdown initiated...
2024-02-22T23:02:00.323+05:30  INFO 7652 --- [VACCINATION-CENTER] [SpringApplicationShutdownHook] com.zaxxer.hikari.HikariDataSource       : HikariPool-1 - Shutdown completed.
2024-02-22T23:02:00.329+05:30  INFO 7652 --- [VACCINATION-CENTER] [SpringApplicationShutdownHook] com.netflix.discovery.DiscoveryClient    : Shutting down DiscoveryClient ...
2024-02-22T23:02:03.341+05:30  INFO 7652 --- [VACCINATION-CENTER] [SpringApplicationShutdownHook] com.netflix.discovery.DiscoveryClient    : Unregistering ...
2024-02-22T23:02:03.371+05:30  INFO 7652 --- [VACCINATION-CENTER] [SpringApplicationShutdownHook] com.netflix.discovery.DiscoveryClient    : DiscoveryClient_VACCINATION-CENTER/host.docker.internal:VACCINATION-CENTER:8082 - deregister  status: 200
2024-02-22T23:02:03.388+05:30  INFO 7652 --- [VACCINATION-CENTER] [SpringApplicationShutdownHook] com.netflix.discovery.DiscoveryClient    : Completed shut down of DiscoveryClient
